<?xml version="1.0" encoding="UTF-8"?>
<testng-results ignored="1" total="2" passed="1" failed="0" skipped="0">
  <reporter-output>
  </reporter-output>
  <suite started-at="2022-12-23T08:01:33 EST" name="Default suite" finished-at="2022-12-23T08:01:46 EST" duration-ms="13442">
    <groups>
    </groups>
    <test started-at="2022-12-23T08:01:33 EST" name="Default test" finished-at="2022-12-23T08:01:46 EST" duration-ms="13442">
      <class name="com.test.FirstProgramTest">
        <test-method signature="TC01()[pri:0, instance:com.test.FirstProgramTest@2b6faea6]" started-at="2022-12-23T08:01:33 EST" name="TC01" finished-at="2022-12-23T08:01:46 EST" duration-ms="13399" status="PASS">
          <reporter-output>
          </reporter-output>
        </test-method> <!-- TC01 -->
      </class> <!-- com.test.FirstProgramTest -->
    </test> <!-- Default test -->
  </suite> <!-- Default suite -->
</testng-results>
